<?xml version="1.0" encoding="UTF-8"?>
<!-- Generated by org.testng.reporters.JUnitReportReporter -->
<testsuite skipped="0" hostname="DESKTOP-POFN5K0" name="runner.TestRunnerTESTNG" tests="1" failures="0" timestamp="16 Aug 2021 02:14:26 GMT" time="10.563" errors="0">
  <testcase name="feature" time="10.563" classname="runner.TestRunnerTESTNG"/>
</testsuite> <!-- runner.TestRunnerTESTNG -->
