<?xml version="1.0" encoding="UTF-8"?>
<!-- Generated by org.testng.reporters.JUnitReportReporter -->
<testsuite skipped="0" hostname="DESKTOP-POFN5K0" name="com.cucumberpractice.AppTest" tests="1" failures="0" timestamp="16 Aug 2021 01:53:08 GMT" time="0.010" errors="0">
  <testcase name="shouldAnswerWithTrue" time="0.010" classname="com.cucumberpractice.AppTest"/>
</testsuite> <!-- com.cucumberpractice.AppTest -->
